<?xml version="1.0" encoding="UTF-8"?>
<testsuite name="TestSuite" time="2.941" tests="1" errors="0" skipped="0" failures="1">
  <properties>
    <property name="java.runtime.name" value="Java(TM) SE Runtime Environment"/>
    <property name="java.vm.version" value="17+35-LTS-2724"/>
    <property name="sun.boot.library.path" value="/Library/Java/JavaVirtualMachines/jdk-17.jdk/Contents/Home/lib"/>
    <property name="maven.multiModuleProjectDirectory" value="/Users/vinayak/Desktop/Demo Rep/testng-browserstack"/>
    <property name="java.vm.vendor" value="Oracle Corporation"/>
    <property name="java.vendor.url" value="https://java.oracle.com/"/>
    <property name="guice.disable.misplaced.annotation.check" value="true"/>
    <property name="path.separator" value=":"/>
    <property name="java.vm.name" value="Java HotSpot(TM) 64-Bit Server VM"/>
    <property name="user.country" value="IN"/>
    <property name="sun.java.launcher" value="SUN_STANDARD"/>
    <property name="java.vm.specification.name" value="Java Virtual Machine Specification"/>
    <property name="user.dir" value="/Users/vinayak/Desktop/Demo Rep/testng-browserstack"/>
    <property name="java.vm.compressedOopsMode" value="Zero based"/>
    <property name="java.runtime.version" value="17+35-LTS-2724"/>
    <property name="os.arch" value="x86_64"/>
    <property name="java.io.tmpdir" value="/var/folders/bc/6b1mjw4s4456g_gg5zbd9rw00000gn/T/"/>
    <property name="line.separator" value="&#10;"/>
    <property name="java.vm.specification.vendor" value="Oracle Corporation"/>
    <property name="os.name" value="Mac OS X"/>
    <property name="classworlds.conf" value="/Users/vinayak/Downloads/apache-maven-3.8.2/bin/m2.conf"/>
    <property name="sun.jnu.encoding" value="UTF-8"/>
    <property name="java.library.path" value="/Users/vinayak/Library/Java/Extensions:/Library/Java/Extensions:/Network/Library/Java/Extensions:/System/Library/Java/Extensions:/usr/lib/java:."/>
    <property name="maven.conf" value="/Users/vinayak/Downloads/apache-maven-3.8.2/conf"/>
    <property name="jdk.debug" value="release"/>
    <property name="java.class.version" value="61.0"/>
    <property name="java.specification.name" value="Java Platform API Specification"/>
    <property name="sun.management.compiler" value="HotSpot 64-Bit Tiered Compilers"/>
    <property name="os.version" value="11.6"/>
    <property name="user.home" value="/Users/vinayak"/>
    <property name="user.timezone" value="Asia/Kolkata"/>
    <property name="file.encoding" value="UTF-8"/>
    <property name="java.specification.version" value="17"/>
    <property name="user.name" value="vinayak"/>
    <property name="java.class.path" value="/Users/vinayak/Downloads/apache-maven-3.8.2/boot/plexus-classworlds-2.6.0.jar"/>
    <property name="java.vm.specification.version" value="17"/>
    <property name="sun.arch.data.model" value="64"/>
    <property name="sun.java.command" value="org.codehaus.plexus.classworlds.launcher.Launcher test -P single"/>
    <property name="java.home" value="/Library/Java/JavaVirtualMachines/jdk-17.jdk/Contents/Home"/>
    <property name="user.language" value="en"/>
    <property name="java.specification.vendor" value="Oracle Corporation"/>
    <property name="java.vm.info" value="mixed mode, sharing"/>
    <property name="java.version" value="17"/>
    <property name="native.encoding" value="UTF-8"/>
    <property name="java.vendor" value="Oracle Corporation"/>
    <property name="sun.stderr.encoding" value="UTF-8"/>
    <property name="maven.home" value="/Users/vinayak/Downloads/apache-maven-3.8.2"/>
    <property name="file.separator" value="/"/>
    <property name="java.version.date" value="2021-09-14"/>
    <property name="java.vendor.url.bug" value="https://bugreport.java.com/bugreport/"/>
    <property name="sun.io.unicode.encoding" value="UnicodeBig"/>
    <property name="sun.cpu.endian" value="little"/>
    <property name="sun.stdout.encoding" value="UTF-8"/>
  </properties>
  <testcase name="test" classname="com.browserstack.SingleTest" time="2.941">
    <failure message="element not interactable&#10;  (Session info: chrome=100.0.4896.127)&#10;Build info: version: &apos;3.12.0&apos;, revision: &apos;7c6e0b3&apos;, time: &apos;2018-05-08T14:04:26.12Z&apos;&#10;System info: host: &apos;Vinayaks-MBP&apos;, ip: &apos;fe80:0:0:0:e7:463f:1c56:6aac%en0&apos;, os.name: &apos;Mac OS X&apos;, os.arch: &apos;x86_64&apos;, os.version: &apos;11.6&apos;, java.version: &apos;17&apos;&#10;Driver info: org.openqa.selenium.remote.RemoteWebDriver&#10;Capabilities {appActivity: com.google.android.apps.chr..., appPackage: com.android.chrome, browserName: chrome, chromedriverPort: 18085, databaseEnabled: false, desired: {browserName: chrome, chromedriverPort: 18085, deviceName: android, goog:chromeOptions: {args: [--proxy-bypass-list=&lt;-loopb..., test-type, --proxy-server=http://85.20..., --disable-features=Translate]}, newCommandTimeout: 0, platformName: Android, skipServerInstallation: true, systemPort: 8205, udid: RFCN20BK8TT}, deviceApiLevel: 29, deviceManufacturer: samsung, deviceModel: SM-G981B, deviceName: RFCN20BK8TT, deviceScreenDensity: 480, deviceScreenSize: 1080x2400, deviceUDID: RFCN20BK8TT, goog:chromeOptions: {args: [--proxy-bypass-list=&lt;-loopb..., test-type, --proxy-server=http://85.20..., --disable-features=Translate]}, javascriptEnabled: true, locationContextEnabled: false, networkConnectionEnabled: true, newCommandTimeout: 0, pixelRatio: 3, platform: LINUX, platformName: LINUX, platformVersion: 10, skipServerInstallation: true, statBarHeight: 77, systemPort: 8205, takesScreenshot: true, udid: RFCN20BK8TT, viewportRect: {height: 2101, left: 0, top: 77, width: 1080}, warnings: {}, webStorageEnabled: false}&#10;Session ID: a77a2b5435fbd844da1f135c030bc9f28e6eb891" type="org.openqa.selenium.ElementNotInteractableException"><![CDATA[org.openqa.selenium.ElementNotInteractableException: element not interactable
  (Session info: chrome=100.0.4896.127)
Build info: version: '3.12.0', revision: '7c6e0b3', time: '2018-05-08T14:04:26.12Z'
System info: host: 'Vinayaks-MBP', ip: 'fe80:0:0:0:e7:463f:1c56:6aac%en0', os.name: 'Mac OS X', os.arch: 'x86_64', os.version: '11.6', java.version: '17'
Driver info: org.openqa.selenium.remote.RemoteWebDriver
Capabilities {appActivity: com.google.android.apps.chr..., appPackage: com.android.chrome, browserName: chrome, chromedriverPort: 18085, databaseEnabled: false, desired: {browserName: chrome, chromedriverPort: 18085, deviceName: android, goog:chromeOptions: {args: [--proxy-bypass-list=<-loopb..., test-type, --proxy-server=http://85.20..., --disable-features=Translate]}, newCommandTimeout: 0, platformName: Android, skipServerInstallation: true, systemPort: 8205, udid: RFCN20BK8TT}, deviceApiLevel: 29, deviceManufacturer: samsung, deviceModel: SM-G981B, deviceName: RFCN20BK8TT, deviceScreenDensity: 480, deviceScreenSize: 1080x2400, deviceUDID: RFCN20BK8TT, goog:chromeOptions: {args: [--proxy-bypass-list=<-loopb..., test-type, --proxy-server=http://85.20..., --disable-features=Translate]}, javascriptEnabled: true, locationContextEnabled: false, networkConnectionEnabled: true, newCommandTimeout: 0, pixelRatio: 3, platform: LINUX, platformName: LINUX, platformVersion: 10, skipServerInstallation: true, statBarHeight: 77, systemPort: 8205, takesScreenshot: true, udid: RFCN20BK8TT, viewportRect: {height: 2101, left: 0, top: 77, width: 1080}, warnings: {}, webStorageEnabled: false}
Session ID: a77a2b5435fbd844da1f135c030bc9f28e6eb891
	at java.base/jdk.internal.reflect.NativeConstructorAccessorImpl.newInstance0(Native Method)
	at java.base/jdk.internal.reflect.NativeConstructorAccessorImpl.newInstance(NativeConstructorAccessorImpl.java:77)
	at java.base/jdk.internal.reflect.DelegatingConstructorAccessorImpl.newInstance(DelegatingConstructorAccessorImpl.java:45)
	at java.base/java.lang.reflect.Constructor.newInstanceWithCaller(Constructor.java:499)
	at java.base/java.lang.reflect.Constructor.newInstance(Constructor.java:480)
	at org.openqa.selenium.remote.http.W3CHttpResponseCodec.createException(W3CHttpResponseCodec.java:187)
	at org.openqa.selenium.remote.http.W3CHttpResponseCodec.decode(W3CHttpResponseCodec.java:122)
	at org.openqa.selenium.remote.http.W3CHttpResponseCodec.decode(W3CHttpResponseCodec.java:49)
	at org.openqa.selenium.remote.HttpCommandExecutor.execute(HttpCommandExecutor.java:158)
	at org.openqa.selenium.remote.RemoteWebDriver.execute(RemoteWebDriver.java:543)
	at org.openqa.selenium.remote.RemoteWebElement.execute(RemoteWebElement.java:276)
	at org.openqa.selenium.remote.RemoteWebElement.sendKeys(RemoteWebElement.java:100)
	at com.browserstack.SingleTest.test(SingleTest.java:15)
]]></failure>
    <system-err><![CDATA[Jun 06, 2022 10:39:23 AM org.openqa.selenium.remote.ProtocolHandshake createSession
INFO: Detected dialect: W3C
]]></system-err>
  </testcase>
</testsuite>