<?xml version="1.0" encoding="UTF-8"?>
<!-- Generated by org.testng.reporters.JUnitReportReporter -->
<testsuite hostname="Vinayaks-MacBook-Pro.local" failures="0" tests="1" name="com.browserstack.LocalTest" time="18.887" errors="0" timestamp="2 Dec 2021 09:05:04 GMT">
  <testcase classname="com.browserstack.LocalTest" name="test" time="18.887"/>
</testsuite> <!-- com.browserstack.LocalTest -->
